<?xml version="1.0" encoding="UTF-8"?>
<testsuite xmlns:xsi="http://www.w3.org/2001/XMLSchema-instance" xsi:noNamespaceSchemaLocation="https://maven.apache.org/surefire/maven-surefire-plugin/xsd/surefire-test-report.xsd" name="com.automation.AppTest" time="0.062" tests="1" errors="0" skipped="0" failures="0">
  <properties>
    <property name="java.specification.version" value="15"/>
    <property name="sun.cpu.isalist" value="amd64"/>
    <property name="sun.jnu.encoding" value="Cp1251"/>
    <property name="java.class.path" value="C:\apache-maven-3.6.3\maven-demo\target\test-classes;C:\apache-maven-3.6.3\maven-demo\target\classes;C:\Users\Артем\.m2\repository\junit\junit\4.11\junit-4.11.jar;C:\Users\Артем\.m2\repository\org\hamcrest\hamcrest-core\1.3\hamcrest-core-1.3.jar;"/>
    <property name="java.vm.vendor" value="Oracle Corporation"/>
    <property name="sun.arch.data.model" value="64"/>
    <property name="user.variant" value=""/>
    <property name="java.vendor.url" value="https://java.oracle.com/"/>
    <property name="user.timezone" value="Europe/Kiev"/>
    <property name="os.name" value="Windows 10"/>
    <property name="java.vm.specification.version" value="15"/>
    <property name="sun.java.launcher" value="SUN_STANDARD"/>
    <property name="user.country" value="RU"/>
    <property name="sun.boot.library.path" value="C:\Program Files\Java\jdk-15.0.2\bin"/>
    <property name="sun.java.command" value="C:\Users\328F~1\AppData\Local\Temp\surefire12480890267149724533\surefirebooter7698466646842077710.jar C:\Users\Артем\AppData\Local\Temp\surefire12480890267149724533 2023-01-21T01-05-48_844-jvmRun1 surefire6026656892709804741tmp surefire_09328876730163047752tmp"/>
    <property name="jdk.debug" value="release"/>
    <property name="surefire.test.class.path" value="C:\apache-maven-3.6.3\maven-demo\target\test-classes;C:\apache-maven-3.6.3\maven-demo\target\classes;C:\Users\Артем\.m2\repository\junit\junit\4.11\junit-4.11.jar;C:\Users\Артем\.m2\repository\org\hamcrest\hamcrest-core\1.3\hamcrest-core-1.3.jar;"/>
    <property name="sun.cpu.endian" value="little"/>
    <property name="user.home" value="C:\Users\Артем"/>
    <property name="user.language" value="ru"/>
    <property name="java.specification.vendor" value="Oracle Corporation"/>
    <property name="java.version.date" value="2021-01-19"/>
    <property name="java.home" value="C:\Program Files\Java\jdk-15.0.2"/>
    <property name="file.separator" value="\"/>
    <property name="basedir" value="C:\apache-maven-3.6.3\maven-demo"/>
    <property name="java.vm.compressedOopsMode" value="Zero based"/>
    <property name="line.separator" value="&#10;"/>
    <property name="java.vm.specification.vendor" value="Oracle Corporation"/>
    <property name="java.specification.name" value="Java Platform API Specification"/>
    <property name="surefire.real.class.path" value="C:\Users\328F~1\AppData\Local\Temp\surefire12480890267149724533\surefirebooter7698466646842077710.jar"/>
    <property name="user.script" value=""/>
    <property name="sun.management.compiler" value="HotSpot 64-Bit Tiered Compilers"/>
    <property name="java.runtime.version" value="15.0.2+7-27"/>
    <property name="user.name" value="Артем"/>
    <property name="path.separator" value=";"/>
    <property name="os.version" value="10.0"/>
    <property name="java.runtime.name" value="Java(TM) SE Runtime Environment"/>
    <property name="file.encoding" value="Cp1251"/>
    <property name="java.vm.name" value="Java HotSpot(TM) 64-Bit Server VM"/>
    <property name="localRepository" value="C:\Users\Артем\.m2\repository"/>
    <property name="java.vendor.url.bug" value="https://bugreport.java.com/bugreport/"/>
    <property name="java.io.tmpdir" value="C:\Users\328F~1\AppData\Local\Temp\"/>
    <property name="java.version" value="15.0.2"/>
    <property name="user.dir" value="C:\apache-maven-3.6.3\maven-demo"/>
    <property name="os.arch" value="amd64"/>
    <property name="java.vm.specification.name" value="Java Virtual Machine Specification"/>
    <property name="sun.os.patch.level" value=""/>
    <property name="java.library.path" value="C:\Program Files\Java\jdk-15.0.2\bin;C:\WINDOWS\Sun\Java\bin;C:\WINDOWS\system32;C:\WINDOWS;C:\Python310\Scripts\;C:\Python310\;C:\Program Files\Common Files\Oracle\Java\javapath;C:\Windows\system32;C:\Windows;C:\Windows\System32\Wbem;C:\Windows\System32\WindowsPowerShell\v1.0\;C:\Windows\System32\OpenSSH\;C:\Program Files\NVIDIA Corporation\NVIDIA NvDLISR;C:\WINDOWS\system32;C:\WINDOWS;C:\WINDOWS\System32\Wbem;C:\WINDOWS\System32\WindowsPowerShell\v1.0\;C:\WINDOWS\System32\OpenSSH\;C:\Program Files\Java\jdk-15.0.2;C:\Program Files (x86)\NVIDIA Corporation\PhysX\Common;C:\Program Files\nodejs\;C:\ProgramData\chocolatey\bin;C:\Program Files\Git\cmd;C:\Program Files\dotnet\;C:\apache-maven-3.6.3\bin;C:\Users\Артем\AppData\Local\Microsoft\WindowsApps;C:\Program Files\JetBrains\IntelliJ IDEA Community Edition 2019.2.2\bin;C:\Users\Артем\AppData\Local\GitHubDesktop\bin;C:\Users\Артем\AppData\Local\Microsoft\WindowsApps;C:\Users\Артем\AppData\Roaming\npm;."/>
    <property name="java.vm.info" value="mixed mode, sharing"/>
    <property name="java.vendor" value="Oracle Corporation"/>
    <property name="java.vm.version" value="15.0.2+7-27"/>
    <property name="sun.io.unicode.encoding" value="UnicodeLittle"/>
    <property name="java.class.version" value="59.0"/>
  </properties>
  <testcase name="shouldAnswerWithTrue" classname="com.automation.AppTest" time="0"/>
</testsuite>